<?xml version="1.0" encoding="UTF-8"?>
<testsuite xmlns:xsi="http://www.w3.org/2001/XMLSchema-instance" xsi:noNamespaceSchemaLocation="https://maven.apache.org/surefire/maven-surefire-plugin/xsd/surefire-test-report-3.0.xsd" version="3.0" name="TestSuite" time="89.29" tests="3" errors="0" skipped="0" failures="0">
  <properties>
[...]
</properties>
  <testcase name="runScenario[&quot;View first 3 Bookshelves below Rs. 15000&quot;, &quot;Display the name &amp; price of first 3 Bookshelves below Rs. 15000&quot;](1)" classname="testRunner.TestRunner" time="37.229">
    <system-out><![CDATA[
Scenario: View first 3 Bookshelves below Rs. 15000           # Features/bookshelves.feature:3
  Given user has the urbanladder website open in his browser # stepDefinitions.DisplayBookShelves.user_has_the_urbanladder_website_open_in_his_browser()

    Embedding View first 3 Bookshelves below Rs. 15000_Success [image/png 1565340 bytes]

  When user click on the study                               # stepDefinitions.DisplayBookShelves.user_click_on_the_study()

    Embedding View first 3 Bookshelves below Rs. 15000_Success [image/png 1555251 bytes]

  And selects Bookshelves from the dropdown                  # stepDefinitions.DisplayBookShelves.selects_bookshelves_from_the_dropdown()

    Embedding View first 3 Bookshelves below Rs. 15000_Success [image/png 1066790 bytes]

  Then signup pop will be displayed                          # stepDefinitions.DisplayBookShelves.signup_pop_will_be_displayed()

    Embedding View first 3 Bookshelves below Rs. 15000_Success [image/png 1066790 bytes]

  When user  close the popup                                 # stepDefinitions.DisplayBookShelves.user_close_the_popup()

    Embedding View first 3 Bookshelves below Rs. 15000_Success [image/png 1089163 bytes]

  And selects Exclude Out Of Stock filter from the page      # stepDefinitions.DisplayBookShelves.selects_exclude_out_of_stock_filter_from_the_page()

    Embedding View first 3 Bookshelves below Rs. 15000_Success [image/png 280069 bytes]

  And click on the Storage Type                              # stepDefinitions.DisplayBookShelves.click_on_the_storage_type()

    Embedding View first 3 Bookshelves below Rs. 15000_Success [image/png 280959 bytes]

  And selects Open from the dropdown                         # stepDefinitions.DisplayBookShelves.selects_open_from_the_dropdown()

    Embedding View first 3 Bookshelves below Rs. 15000_Success [image/png 707106 bytes]

  And click on the Price                                     # stepDefinitions.DisplayBookShelves.click_on_the_price()

    Embedding View first 3 Bookshelves below Rs. 15000_Success [image/png 694587 bytes]

  And slide the price slide bar                              # stepDefinitions.DisplayBookShelves.slide_the_price_slide_bar()

    Embedding View first 3 Bookshelves below Rs. 15000_Success [image/png 433349 bytes]

  Then extract name and price of the Bookshelves             # stepDefinitions.DisplayBookShelves.extract_name_and_price_of_the_Bookshelves()

    Embedding View first 3 Bookshelves below Rs. 15000_Success [image/png 696365 bytes]

name of the first product : Maple Engineered Wood Bookshelf In Wenge Finish
name of the second product : Babylon Solid Wood Bookshelf In Walnut Finish
name of the thried product : Armstrong Engineered Wood Bookshelf In Laminate Finish
Price of the first product : ₹2,155
Price of the second product : ₹4,619
Price of the thried product : ₹8,539
=================*******************===============================

No matching price in items
=================*******************===============================
  And displays the same in the console                       # stepDefinitions.DisplayBookShelves.displays_the_same_in_the_console()

    Embedding View first 3 Bookshelves below Rs. 15000_Success [image/png 687748 bytes]

  And store data  in excel sheet                             # stepDefinitions.DisplayBookShelves.store_data_in_excel_sheet()

    Embedding View first 3 Bookshelves below Rs. 15000_Success [image/png 687748 bytes]

]]></system-out>
    <system-err><![CDATA[SLF4J: Failed to load class "org.slf4j.impl.StaticLoggerBinder".
SLF4J: Defaulting to no-operation (NOP) logger implementation
SLF4J: See http://www.slf4j.org/codes.html#StaticLoggerBinder for further details.
org.openqa.selenium.StaleElementReferenceException: stale element reference: stale element not found
  (Session info: chrome=121.0.6167.86)
For documentation on this error, please visit: https://www.selenium.dev/documentation/webdriver/troubleshooting/errors#stale-element-reference-exception
Build info: version: '4.18.1', revision: 'b1d3319b48'
System info: os.name: 'Windows 11', os.arch: 'amd64', os.version: '10.0', java.version: '17.0.10'
Driver info: org.openqa.selenium.chrome.ChromeDriver
Command: [7c9d1ae7c05be208961da750187069ff, getElementText {id=E8D6DDA3BF61F731EA1EBDDEB4651C63_element_222}]
Capabilities {acceptInsecureCerts: false, browserName: chrome, browserVersion: 121.0.6167.86, chrome: {chromedriverVersion: 121.0.6167.184 (057a8ae7deb..., userDataDir: C:\Windows\SystemTemp\scope...}, fedcm:accounts: true, goog:chromeOptions: {debuggerAddress: localhost:60979}, networkConnectionEnabled: false, pageLoadStrategy: normal, platformName: windows, proxy: Proxy(), se:cdp: ws://localhost:60979/devtoo..., se:cdpVersion: 121.0.6167.86, setWindowRect: true, strictFileInteractability: false, timeouts: {implicit: 0, pageLoad: 300000, script: 30000}, unhandledPromptBehavior: dismiss and notify, webauthn:extension:credBlob: true, webauthn:extension:largeBlob: true, webauthn:extension:minPinLength: true, webauthn:extension:prf: true, webauthn:virtualAuthenticators: true}
Element: [[ChromeDriver: chrome on windows (7c9d1ae7c05be208961da750187069ff)] -> xpath: //ul[contains(@class,'productgrid')]/li//div[@class='price-number']//span]
Session ID: 7c9d1ae7c05be208961da750187069ff
	at java.base/jdk.internal.reflect.NativeConstructorAccessorImpl.newInstance0(Native Method)
	at java.base/jdk.internal.reflect.NativeConstructorAccessorImpl.newInstance(NativeConstructorAccessorImpl.java:77)
	at java.base/jdk.internal.reflect.DelegatingConstructorAccessorImpl.newInstance(DelegatingConstructorAccessorImpl.java:45)
	at java.base/java.lang.reflect.Constructor.newInstanceWithCaller(Constructor.java:499)
	at java.base/java.lang.reflect.Constructor.newInstance(Constructor.java:480)
	at org.openqa.selenium.remote.ErrorCodec.decode(ErrorCodec.java:167)
	at org.openqa.selenium.remote.codec.w3c.W3CHttpResponseCodec.decode(W3CHttpResponseCodec.java:138)
	at org.openqa.selenium.remote.codec.w3c.W3CHttpResponseCodec.decode(W3CHttpResponseCodec.java:50)
	at org.openqa.selenium.remote.HttpCommandExecutor.execute(HttpCommandExecutor.java:190)
	at org.openqa.selenium.remote.service.DriverCommandExecutor.invokeExecute(DriverCommandExecutor.java:216)
	at org.openqa.selenium.remote.service.DriverCommandExecutor.execute(DriverCommandExecutor.java:174)
	at org.openqa.selenium.remote.RemoteWebDriver.execute(RemoteWebDriver.java:519)
	at org.openqa.selenium.remote.RemoteWebElement.execute(RemoteWebElement.java:223)
	at org.openqa.selenium.remote.RemoteWebElement.getText(RemoteWebElement.java:191)
	at stepDefinitions.DisplayBookShelves.extract_name_and_price_of_the_Bookshelves(DisplayBookShelves.java:105)
	at java.base/jdk.internal.reflect.NativeMethodAccessorImpl.invoke0(Native Method)
	at java.base/jdk.internal.reflect.NativeMethodAccessorImpl.invoke(NativeMethodAccessorImpl.java:77)
	at java.base/jdk.internal.reflect.DelegatingMethodAccessorImpl.invoke(DelegatingMethodAccessorImpl.java:43)
	at java.base/java.lang.reflect.Method.invoke(Method.java:568)
	at io.cucumber.java.Invoker.doInvoke(Invoker.java:66)
	at io.cucumber.java.Invoker.invoke(Invoker.java:24)
	at io.cucumber.java.AbstractGlueDefinition.invokeMethod(AbstractGlueDefinition.java:47)
	at io.cucumber.java.JavaStepDefinition.execute(JavaStepDefinition.java:29)
	at io.cucumber.core.runner.CoreStepDefinition.execute(CoreStepDefinition.java:66)
	at io.cucumber.core.runner.PickleStepDefinitionMatch.runStep(PickleStepDefinitionMatch.java:63)
	at io.cucumber.core.runner.ExecutionMode$1.execute(ExecutionMode.java:10)
	at io.cucumber.core.runner.TestStep.executeStep(TestStep.java:81)
	at io.cucumber.core.runner.TestStep.run(TestStep.java:53)
	at io.cucumber.core.runner.PickleStepTestStep.run(PickleStepTestStep.java:51)
	at io.cucumber.core.runner.TestCase.run(TestCase.java:84)
	at io.cucumber.core.runner.Runner.runPickle(Runner.java:75)
	at io.cucumber.testng.TestNGCucumberRunner.lambda$runScenario$1(TestNGCucumberRunner.java:132)
	at io.cucumber.core.runtime.CucumberExecutionContext.lambda$runTestCase$5(CucumberExecutionContext.java:136)
	at io.cucumber.core.runtime.RethrowingThrowableCollector.executeAndThrow(RethrowingThrowableCollector.java:23)
	at io.cucumber.core.runtime.CucumberExecutionContext.runTestCase(CucumberExecutionContext.java:136)
	at io.cucumber.testng.TestNGCucumberRunner.runScenario(TestNGCucumberRunner.java:129)
	at io.cucumber.testng.AbstractTestNGCucumberTests.runScenario(AbstractTestNGCucumberTests.java:35)
	at java.base/jdk.internal.reflect.NativeMethodAccessorImpl.invoke0(Native Method)
	at java.base/jdk.internal.reflect.NativeMethodAccessorImpl.invoke(NativeMethodAccessorImpl.java:77)
	at java.base/jdk.internal.reflect.DelegatingMethodAccessorImpl.invoke(DelegatingMethodAccessorImpl.java:43)
	at java.base/java.lang.reflect.Method.invoke(Method.java:568)
	at org.testng.internal.invokers.MethodInvocationHelper.invokeMethod(MethodInvocationHelper.java:139)
	at org.testng.internal.invokers.TestInvoker.invokeMethod(TestInvoker.java:664)
	at org.testng.internal.invokers.TestInvoker.invokeTestMethod(TestInvoker.java:228)
	at org.testng.internal.invokers.MethodRunner.runInSequence(MethodRunner.java:63)
	at org.testng.internal.invokers.TestInvoker$MethodInvocationAgent.invoke(TestInvoker.java:961)
	at org.testng.internal.invokers.TestInvoker.invokeTestMethods(TestInvoker.java:201)
	at org.testng.internal.invokers.TestMethodWorker.invokeTestMethods(TestMethodWorker.java:148)
	at org.testng.internal.invokers.TestMethodWorker.run(TestMethodWorker.java:128)
	at java.base/java.util.ArrayList.forEach(ArrayList.java:1511)
	at org.testng.TestRunner.privateRun(TestRunner.java:819)
	at org.testng.TestRunner.run(TestRunner.java:619)
	at org.testng.SuiteRunner.runTest(SuiteRunner.java:443)
	at org.testng.SuiteRunner.runSequentially(SuiteRunner.java:437)
	at org.testng.SuiteRunner.privateRun(SuiteRunner.java:397)
	at org.testng.SuiteRunner.run(SuiteRunner.java:336)
	at org.testng.SuiteRunnerWorker.runSuite(SuiteRunnerWorker.java:52)
	at org.testng.SuiteRunnerWorker.run(SuiteRunnerWorker.java:95)
	at org.testng.TestNG.runSuitesSequentially(TestNG.java:1301)
	at org.testng.TestNG.runSuitesLocally(TestNG.java:1228)
	at org.testng.TestNG.runSuites(TestNG.java:1134)
	at org.testng.TestNG.run(TestNG.java:1101)
	at org.apache.maven.surefire.testng.TestNGExecutor.run(TestNGExecutor.java:308)
	at org.apache.maven.surefire.testng.TestNGXmlTestSuite.execute(TestNGXmlTestSuite.java:71)
	at org.apache.maven.surefire.testng.TestNGProvider.invoke(TestNGProvider.java:113)
	at org.apache.maven.surefire.booter.ForkedBooter.runSuitesInProcess(ForkedBooter.java:385)
	at org.apache.maven.surefire.booter.ForkedBooter.execute(ForkedBooter.java:162)
	at org.apache.maven.surefire.booter.ForkedBooter.run(ForkedBooter.java:507)
	at org.apache.maven.surefire.booter.ForkedBooter.main(ForkedBooter.java:495)
]]></system-err>
  </testcase>
  <testcase name="runScenario[&quot;View sub-menu items under Category Drop Down&quot;, &quot;Retrieve all sub-menu items under Category Drop Down&quot;](2)" classname="testRunner.TestRunner" time="20.12">
    <system-out><![CDATA[
Scenario: View sub-menu items under Category Drop Down # Features/collection.feature:3
  Given user open  urbanladder website in his browser  # stepDefinitions.ListOfCollection.user_open_urbanladder_website_in_his_browser()

    Embedding View sub-menu items under Category Drop Down_Success [image/png 1544399 bytes]

  When user click on the Trending                      # stepDefinitions.ListOfCollection.user_click_on_the_trending()

    Embedding View sub-menu items under Category Drop Down_Success [image/png 1544399 bytes]

  And selects UL Collections from the dropdown         # stepDefinitions.ListOfCollection.selects_ul_collections_from_the_dropdown()

    Embedding View sub-menu items under Category Drop Down_Success [image/png 578318 bytes]

  And click on the Category                            # stepDefinitions.ListOfCollection.click_on_the_category()

    Embedding View sub-menu items under Category Drop Down_Success [image/png 700437 bytes]

  Then extract sub-menu items and store it in a List   # stepDefinitions.ListOfCollection.extract_sub_menu_items_and_store_it_in_a_list()

    Embedding View sub-menu items under Category Drop Down_Success [image/png 700437 bytes]

List sub-menu items :- Beds with Storage
List sub-menu items :- Accent Chairs
List sub-menu items :- Bar Cabinets
List sub-menu items :- Beds without Storage
List sub-menu items :- Recliners
List sub-menu items :- Sofa cum Bed
List sub-menu items :- Bedside Tables
List sub-menu items :- Crockery Units
List sub-menu items :- Bookshelves
List sub-menu items :- Coffee Tables
List sub-menu items :- Console Table
List sub-menu items :- Cribs
List sub-menu items :- Cupboards
List sub-menu items :- Lounge Chairs
List sub-menu items :- Balcony Chairs
List sub-menu items :- Benches
List sub-menu items :- Chest of Drawers
List sub-menu items :- Dining Benches
List sub-menu items :- Dining Chairs
List sub-menu items :- Loveseats
List sub-menu items :- Ottomans & Stools
List sub-menu items :- Single Beds
List sub-menu items :- Study Chair
List sub-menu items :- Study Tables
List sub-menu items :- Wall Shelves
=================*******************===============================
  And displays the same List in the console            # stepDefinitions.ListOfCollection.displays_the_same_list_in_the_console()

    Embedding View sub-menu items under Category Drop Down_Success [image/png 700437 bytes]

  And store data in excel sheet                        # stepDefinitions.ListOfCollection.store_data_in_excel_sheet()

    Embedding View sub-menu items under Category Drop Down_Success [image/png 1080005 bytes]

]]></system-out>
  </testcase>
  <testcase name="runScenario[&quot;View error message from to details with any one input invalid&quot;, &quot;Capture and display the error message from to details with any one input invalid&quot;](3)" classname="testRunner.TestRunner" time="25.373">
    <system-out><![CDATA[
Scenario: View error message from to details with any one input invalid # Features/giftcard.feature:3
  Given urbanladder website open in his browser                         # stepDefinitions.GiftCard.urbanladder_website_open_in_his_browser()

    Embedding View error message from to details with any one input invalid_Success [image/png 1565348 bytes]

  When user click on the GiftCard                                       # stepDefinitions.GiftCard.user_click_on_the_gift_card()

    Embedding View error message from to details with any one input invalid_Success [image/png 1184589 bytes]

  And hovers over the Birthday/Anniversary                              # stepDefinitions.GiftCard.hovers_over_the_birthday_anniversary()

    Embedding View error message from to details with any one input invalid_Success [image/png 173170 bytes]

  And click on the Chosen                                               # stepDefinitions.GiftCard.click_on_the_chosen()

    Embedding View error message from to details with any one input invalid_Success [image/png 173461 bytes]

  And click on the Amount                                               # stepDefinitions.GiftCard.click_on_the_amount()

    Embedding View error message from to details with any one input invalid_Success [image/png 291098 bytes]

  And click on next button                                              # stepDefinitions.GiftCard.click_on_next_button()

    Embedding View error message from to details with any one input invalid_Success [image/png 409769 bytes]

  And fill the form                                                     # stepDefinitions.GiftCard.fill_the_form()

    Embedding View error message from to details with any one input invalid_Success [image/png 107772 bytes]

  Then extract error message from to details                            # stepDefinitions.GiftCard.extract_error_message_from_to_details()

    Embedding View error message from to details with any one input invalid_Success [image/png 107772 bytes]

=================*******************===============================
Please enter valid 10 digit mobile number
=================*******************===============================
  And displays the error message in the console                         # stepDefinitions.GiftCard.displays_the_error_message_in_the_console()

    Embedding View error message from to details with any one input invalid_Success [image/png 107833 bytes]

  And store error message data in excel sheet                           # stepDefinitions.GiftCard.store_error_message_data_in_excel_sheet()

    Embedding View error message from to details with any one input invalid_Success [image/png 107833 bytes]

]]></system-out>
  </testcase>
</testsuite>