<?xml version="1.0" encoding="UTF-8"?>
<testng-results ignored="0" total="3" passed="3" failed="0" skipped="0">
  <reporter-output>
  </reporter-output>
  <suite started-at="2024-04-19T16:33:26 IST" name="Suite" finished-at="2024-04-19T16:34:55 IST" duration-ms="88988">
    <groups>
      <group name="cucumber">
        <method signature="AbstractTestNGCucumberTests.runScenario(io.cucumber.testng.PickleWrapper,io.cucumber.testng.FeatureWrapper)[pri:0, instance:testRunner.TestRunner@247310d0]" name="runScenario" class="io.cucumber.testng.AbstractTestNGCucumberTests"/>
      </group> <!-- cucumber -->
    </groups>
    <test started-at="2024-04-19T16:33:26 IST" name="Test search in Chrome" finished-at="2024-04-19T16:34:55 IST" duration-ms="88988">
      <class name="testRunner.TestRunner">
        <test-method is-config="true" signature="setUpClass(org.testng.ITestContext)[pri:0, instance:testRunner.TestRunner@247310d0]" started-at="2024-04-19T16:33:26 IST" name="setUpClass" finished-at="2024-04-19T16:33:27 IST" duration-ms="1106" status="PASS">
          <params>
            <param index="0">
              <value>
                <![CDATA[org.testng.TestRunner@225ac5e7]]>
              </value>
            </param>
          </params>
          <reporter-output>
          </reporter-output>
        </test-method> <!-- setUpClass -->
        <test-method signature="runScenario(io.cucumber.testng.PickleWrapper,io.cucumber.testng.FeatureWrapper)[pri:0, instance:testRunner.TestRunner@247310d0]" started-at="2024-04-19T16:33:27 IST" name="runScenario" description="Runs Cucumber Scenarios" data-provider="scenarios" finished-at="2024-04-19T16:34:02 IST" duration-ms="35547" status="PASS">
          <params>
            <param index="0">
              <value>
                <![CDATA["View first 3 Bookshelves below Rs. 15000"]]>
              </value>
            </param>
            <param index="1">
              <value>
                <![CDATA["Display the name & price of first 3 Bookshelves below Rs. 15000"]]>
              </value>
            </param>
          </params>
          <reporter-output>
          </reporter-output>
        </test-method> <!-- runScenario -->
        <test-method signature="runScenario(io.cucumber.testng.PickleWrapper,io.cucumber.testng.FeatureWrapper)[pri:0, instance:testRunner.TestRunner@247310d0]" started-at="2024-04-19T16:34:02 IST" name="runScenario" description="Runs Cucumber Scenarios" data-provider="scenarios" finished-at="2024-04-19T16:34:25 IST" duration-ms="22488" status="PASS">
          <params>
            <param index="0">
              <value>
                <![CDATA["View sub-menu items under Category Drop Down"]]>
              </value>
            </param>
            <param index="1">
              <value>
                <![CDATA["Retrieve all sub-menu items under Category Drop Down"]]>
              </value>
            </param>
          </params>
          <reporter-output>
          </reporter-output>
        </test-method> <!-- runScenario -->
        <test-method signature="runScenario(io.cucumber.testng.PickleWrapper,io.cucumber.testng.FeatureWrapper)[pri:0, instance:testRunner.TestRunner@247310d0]" started-at="2024-04-19T16:34:25 IST" name="runScenario" description="Runs Cucumber Scenarios" data-provider="scenarios" finished-at="2024-04-19T16:34:50 IST" duration-ms="25228" status="PASS">
          <params>
            <param index="0">
              <value>
                <![CDATA["View error message from to details with any one input invalid"]]>
              </value>
            </param>
            <param index="1">
              <value>
                <![CDATA["Capture and display the error message from to details with any one input invalid"]]>
              </value>
            </param>
          </params>
          <reporter-output>
          </reporter-output>
        </test-method> <!-- runScenario -->
        <test-method is-config="true" signature="tearDownClass()[pri:0, instance:testRunner.TestRunner@247310d0]" started-at="2024-04-19T16:34:50 IST" name="tearDownClass" finished-at="2024-04-19T16:34:55 IST" duration-ms="4563" status="PASS">
          <reporter-output>
          </reporter-output>
        </test-method> <!-- tearDownClass -->
      </class> <!-- testRunner.TestRunner -->
    </test> <!-- Test search in Chrome -->
  </suite> <!-- Suite -->
</testng-results>
